[INFO] Scanning for projects...
[INFO] 
[INFO] -----------------------< com.practice:blog-app >------------------------
[INFO] Building blog-app 0.0.1-SNAPSHOT
[INFO] --------------------------------[ jar ]---------------------------------
[INFO] 
[INFO] >>> spring-boot-maven-plugin:2.7.12:run (default-cli) > test-compile @ blog-app >>>
[INFO] 
[INFO] --- maven-resources-plugin:3.2.0:resources (default-resources) @ blog-app ---
[INFO] Using 'UTF-8' encoding to copy filtered resources.
[INFO] Using 'UTF-8' encoding to copy filtered properties files.
[INFO] Copying 1 resource
[INFO] Copying 0 resource
[INFO] 
[INFO] --- maven-compiler-plugin:3.10.1:compile (default-compile) @ blog-app ---
[INFO] Changes detected - recompiling the module!
[INFO] Compiling 22 source files to /home/farazulh/Github/Java-Spring/blog-app/target/classes
[INFO] ------------------------------------------------------------------------
[INFO] BUILD FAILURE
[INFO] ------------------------------------------------------------------------
[INFO] Total time:  0.923 s
[INFO] Finished at: 2023-06-26T17:23:19+05:30
[INFO] ------------------------------------------------------------------------
[ERROR] Failed to execute goal org.apache.maven.plugins:maven-compiler-plugin:3.10.1:compile (default-compile) on project blog-app: Fatal error compiling: invalid target release: 17 -> [Help 1]
[ERROR] 
[ERROR] To see the full stack trace of the errors, re-run Maven with the -e switch.
[ERROR] Re-run Maven using the -X switch to enable full debug logging.
[ERROR] 
[ERROR] For more information about the errors and possible solutions, please read the following articles:
[ERROR] [Help 1] http://cwiki.apache.org/confluence/display/MAVEN/MojoExecutionException
